D:\soft\Microsoft Visual Studio\2022\Community\MSBuild\Microsoft\VC\v170\Microsoft.CppBuild.targets(514,5): warning MSB8028: 中间目录(x64\Release\)包含从另一个项目(dahuaDemo.vcxproj)共享的文件。   这会导致错误的清除和重新生成行为。
  Detect.cpp
D:\resource\General_NetSDK_Chn_Win64_IS_V3.055.0000000.0.R.210524\includes\dhnetsdk.h(13613,1): warning C4819: 该文件包含不能在当前代码页(936)中表示的字符。请将该文件保存为 Unicode 格式以防止数据丢失
D:\resource\General_NetSDK_Chn_Win64_IS_V3.055.0000000.0.R.210524\includes\dhnetsdk.h(14046,1): warning C4819: 该文件包含不能在当前代码页(936)中表示的字符。请将该文件保存为 Unicode 格式以防止数据丢失
D:\resource\General_NetSDK_Chn_Win64_IS_V3.055.0000000.0.R.210524\includes\dhnetsdk.h(19819,1): warning C4819: 该文件包含不能在当前代码页(936)中表示的字符。请将该文件保存为 Unicode 格式以防止数据丢失
D:\resource\General_NetSDK_Chn_Win64_IS_V3.055.0000000.0.R.210524\includes\dhnetsdk.h(20354,1): warning C4819: 该文件包含不能在当前代码页(936)中表示的字符。请将该文件保存为 Unicode 格式以防止数据丢失
D:\resource\General_NetSDK_Chn_Win64_IS_V3.055.0000000.0.R.210524\includes\dhnetsdk.h(33169,1): warning C4819: 该文件包含不能在当前代码页(936)中表示的字符。请将该文件保存为 Unicode 格式以防止数据丢失
D:\resource\General_NetSDK_Chn_Win64_IS_V3.055.0000000.0.R.210524\includes\dhnetsdk.h(33710,1): warning C4819: 该文件包含不能在当前代码页(936)中表示的字符。请将该文件保存为 Unicode 格式以防止数据丢失
D:\resource\General_NetSDK_Chn_Win64_IS_V3.055.0000000.0.R.210524\includes\dhnetsdk.h(42308,1): warning C4819: 该文件包含不能在当前代码页(936)中表示的字符。请将该文件保存为 Unicode 格式以防止数据丢失
D:\resource\General_NetSDK_Chn_Win64_IS_V3.055.0000000.0.R.210524\includes\dhnetsdk.h(42814,1): warning C4819: 该文件包含不能在当前代码页(936)中表示的字符。请将该文件保存为 Unicode 格式以防止数据丢失
D:\resource\General_NetSDK_Chn_Win64_IS_V3.055.0000000.0.R.210524\includes\dhnetsdk.h(45437,1): warning C4819: 该文件包含不能在当前代码页(936)中表示的字符。请将该文件保存为 Unicode 格式以防止数据丢失
D:\resource\General_NetSDK_Chn_Win64_IS_V3.055.0000000.0.R.210524\includes\dhnetsdk.h(45922,1): warning C4819: 该文件包含不能在当前代码页(936)中表示的字符。请将该文件保存为 Unicode 格式以防止数据丢失
D:\resource\General_NetSDK_Chn_Win64_IS_V3.055.0000000.0.R.210524\includes\dhnetsdk.h(46439,1): warning C4819: 该文件包含不能在当前代码页(936)中表示的字符。请将该文件保存为 Unicode 格式以防止数据丢失
D:\resource\General_NetSDK_Chn_Win64_IS_V3.055.0000000.0.R.210524\includes\dhnetsdk.h(56889,1): warning C4819: 该文件包含不能在当前代码页(936)中表示的字符。请将该文件保存为 Unicode 格式以防止数据丢失
D:\resource\General_NetSDK_Chn_Win64_IS_V3.055.0000000.0.R.210524\includes\dhnetsdk.h(59795,1): warning C4819: 该文件包含不能在当前代码页(936)中表示的字符。请将该文件保存为 Unicode 格式以防止数据丢失
D:\resource\General_NetSDK_Chn_Win64_IS_V3.055.0000000.0.R.210524\includes\dhnetsdk.h(60397,1): warning C4819: 该文件包含不能在当前代码页(936)中表示的字符。请将该文件保存为 Unicode 格式以防止数据丢失
D:\resource\General_NetSDK_Chn_Win64_IS_V3.055.0000000.0.R.210524\includes\dhnetsdk.h(64666,1): warning C4819: 该文件包含不能在当前代码页(936)中表示的字符。请将该文件保存为 Unicode 格式以防止数据丢失
D:\resource\General_NetSDK_Chn_Win64_IS_V3.055.0000000.0.R.210524\includes\dhnetsdk.h(65324,1): warning C4819: 该文件包含不能在当前代码页(936)中表示的字符。请将该文件保存为 Unicode 格式以防止数据丢失
D:\resource\General_NetSDK_Chn_Win64_IS_V3.055.0000000.0.R.210524\includes\dhnetsdk.h(72590,1): warning C4819: 该文件包含不能在当前代码页(936)中表示的字符。请将该文件保存为 Unicode 格式以防止数据丢失
D:\resource\General_NetSDK_Chn_Win64_IS_V3.055.0000000.0.R.210524\includes\dhnetsdk.h(73285,1): warning C4819: 该文件包含不能在当前代码页(936)中表示的字符。请将该文件保存为 Unicode 格式以防止数据丢失
D:\resource\General_NetSDK_Chn_Win64_IS_V3.055.0000000.0.R.210524\includes\dhnetsdk.h(73953,1): warning C4819: 该文件包含不能在当前代码页(936)中表示的字符。请将该文件保存为 Unicode 格式以防止数据丢失
D:\resource\General_NetSDK_Chn_Win64_IS_V3.055.0000000.0.R.210524\includes\dhnetsdk.h(74626,1): warning C4819: 该文件包含不能在当前代码页(936)中表示的字符。请将该文件保存为 Unicode 格式以防止数据丢失
D:\resource\General_NetSDK_Chn_Win64_IS_V3.055.0000000.0.R.210524\includes\dhconfigsdk.h(5573,1): warning C4819: 该文件包含不能在当前代码页(936)中表示的字符。请将该文件保存为 Unicode 格式以防止数据丢失
D:\resource\General_NetSDK_Chn_Win64_IS_V3.055.0000000.0.R.210524\includes\dhconfigsdk.h(6038,1): warning C4819: 该文件包含不能在当前代码页(936)中表示的字符。请将该文件保存为 Unicode 格式以防止数据丢失
D:\resource\General_NetSDK_Chn_Win64_IS_V3.055.0000000.0.R.210524\includes\dhconfigsdk.h(7391,1): warning C4819: 该文件包含不能在当前代码页(936)中表示的字符。请将该文件保存为 Unicode 格式以防止数据丢失
D:\resource\General_NetSDK_Chn_Win64_IS_V3.055.0000000.0.R.210524\includes\dhconfigsdk.h(7765,1): warning C4819: 该文件包含不能在当前代码页(936)中表示的字符。请将该文件保存为 Unicode 格式以防止数据丢失
D:\editSpace\VSProjects\dahuaDemo\dahuaDemo\Detect.cpp(11,1): warning C4305: “初始化”: 从“double”到“float”截断
  DHConnection.cpp
D:\resource\General_NetSDK_Chn_Win64_IS_V3.055.0000000.0.R.210524\includes\dhnetsdk.h(13613,1): warning C4819: 该文件包含不能在当前代码页(936)中表示的字符。请将该文件保存为 Unicode 格式以防止数据丢失
D:\resource\General_NetSDK_Chn_Win64_IS_V3.055.0000000.0.R.210524\includes\dhnetsdk.h(14046,1): warning C4819: 该文件包含不能在当前代码页(936)中表示的字符。请将该文件保存为 Unicode 格式以防止数据丢失
D:\resource\General_NetSDK_Chn_Win64_IS_V3.055.0000000.0.R.210524\includes\dhnetsdk.h(19819,1): warning C4819: 该文件包含不能在当前代码页(936)中表示的字符。请将该文件保存为 Unicode 格式以防止数据丢失
D:\resource\General_NetSDK_Chn_Win64_IS_V3.055.0000000.0.R.210524\includes\dhnetsdk.h(20354,1): warning C4819: 该文件包含不能在当前代码页(936)中表示的字符。请将该文件保存为 Unicode 格式以防止数据丢失
D:\resource\General_NetSDK_Chn_Win64_IS_V3.055.0000000.0.R.210524\includes\dhnetsdk.h(33169,1): warning C4819: 该文件包含不能在当前代码页(936)中表示的字符。请将该文件保存为 Unicode 格式以防止数据丢失
D:\resource\General_NetSDK_Chn_Win64_IS_V3.055.0000000.0.R.210524\includes\dhnetsdk.h(33710,1): warning C4819: 该文件包含不能在当前代码页(936)中表示的字符。请将该文件保存为 Unicode 格式以防止数据丢失
D:\resource\General_NetSDK_Chn_Win64_IS_V3.055.0000000.0.R.210524\includes\dhnetsdk.h(42308,1): warning C4819: 该文件包含不能在当前代码页(936)中表示的字符。请将该文件保存为 Unicode 格式以防止数据丢失
D:\resource\General_NetSDK_Chn_Win64_IS_V3.055.0000000.0.R.210524\includes\dhnetsdk.h(42814,1): warning C4819: 该文件包含不能在当前代码页(936)中表示的字符。请将该文件保存为 Unicode 格式以防止数据丢失
D:\resource\General_NetSDK_Chn_Win64_IS_V3.055.0000000.0.R.210524\includes\dhnetsdk.h(45437,1): warning C4819: 该文件包含不能在当前代码页(936)中表示的字符。请将该文件保存为 Unicode 格式以防止数据丢失
D:\resource\General_NetSDK_Chn_Win64_IS_V3.055.0000000.0.R.210524\includes\dhnetsdk.h(45922,1): warning C4819: 该文件包含不能在当前代码页(936)中表示的字符。请将该文件保存为 Unicode 格式以防止数据丢失
D:\resource\General_NetSDK_Chn_Win64_IS_V3.055.0000000.0.R.210524\includes\dhnetsdk.h(46439,1): warning C4819: 该文件包含不能在当前代码页(936)中表示的字符。请将该文件保存为 Unicode 格式以防止数据丢失
D:\resource\General_NetSDK_Chn_Win64_IS_V3.055.0000000.0.R.210524\includes\dhnetsdk.h(56889,1): warning C4819: 该文件包含不能在当前代码页(936)中表示的字符。请将该文件保存为 Unicode 格式以防止数据丢失
D:\resource\General_NetSDK_Chn_Win64_IS_V3.055.0000000.0.R.210524\includes\dhnetsdk.h(59795,1): warning C4819: 该文件包含不能在当前代码页(936)中表示的字符。请将该文件保存为 Unicode 格式以防止数据丢失
D:\resource\General_NetSDK_Chn_Win64_IS_V3.055.0000000.0.R.210524\includes\dhnetsdk.h(60397,1): warning C4819: 该文件包含不能在当前代码页(936)中表示的字符。请将该文件保存为 Unicode 格式以防止数据丢失
D:\resource\General_NetSDK_Chn_Win64_IS_V3.055.0000000.0.R.210524\includes\dhnetsdk.h(64666,1): warning C4819: 该文件包含不能在当前代码页(936)中表示的字符。请将该文件保存为 Unicode 格式以防止数据丢失
D:\resource\General_NetSDK_Chn_Win64_IS_V3.055.0000000.0.R.210524\includes\dhnetsdk.h(65324,1): warning C4819: 该文件包含不能在当前代码页(936)中表示的字符。请将该文件保存为 Unicode 格式以防止数据丢失
D:\resource\General_NetSDK_Chn_Win64_IS_V3.055.0000000.0.R.210524\includes\dhnetsdk.h(72590,1): warning C4819: 该文件包含不能在当前代码页(936)中表示的字符。请将该文件保存为 Unicode 格式以防止数据丢失
D:\resource\General_NetSDK_Chn_Win64_IS_V3.055.0000000.0.R.210524\includes\dhnetsdk.h(73285,1): warning C4819: 该文件包含不能在当前代码页(936)中表示的字符。请将该文件保存为 Unicode 格式以防止数据丢失
D:\resource\General_NetSDK_Chn_Win64_IS_V3.055.0000000.0.R.210524\includes\dhnetsdk.h(73953,1): warning C4819: 该文件包含不能在当前代码页(936)中表示的字符。请将该文件保存为 Unicode 格式以防止数据丢失
D:\resource\General_NetSDK_Chn_Win64_IS_V3.055.0000000.0.R.210524\includes\dhnetsdk.h(74626,1): warning C4819: 该文件包含不能在当前代码页(936)中表示的字符。请将该文件保存为 Unicode 格式以防止数据丢失
D:\resource\General_NetSDK_Chn_Win64_IS_V3.055.0000000.0.R.210524\includes\dhconfigsdk.h(5573,1): warning C4819: 该文件包含不能在当前代码页(936)中表示的字符。请将该文件保存为 Unicode 格式以防止数据丢失
D:\resource\General_NetSDK_Chn_Win64_IS_V3.055.0000000.0.R.210524\includes\dhconfigsdk.h(6038,1): warning C4819: 该文件包含不能在当前代码页(936)中表示的字符。请将该文件保存为 Unicode 格式以防止数据丢失
D:\resource\General_NetSDK_Chn_Win64_IS_V3.055.0000000.0.R.210524\includes\dhconfigsdk.h(7391,1): warning C4819: 该文件包含不能在当前代码页(936)中表示的字符。请将该文件保存为 Unicode 格式以防止数据丢失
D:\resource\General_NetSDK_Chn_Win64_IS_V3.055.0000000.0.R.210524\includes\dhconfigsdk.h(7765,1): warning C4819: 该文件包含不能在当前代码页(936)中表示的字符。请将该文件保存为 Unicode 格式以防止数据丢失
  utils.cpp
  YOLO.cpp
  正在生成代码
  Previous IPDB not found, fall back to full compilation.
D:\editSpace\VSProjects\dahuaDemo\dahuaDemo\DHConnection.cpp(277): warning C4715: “DHConnection::startPlay”: 不是所有的控件路径都返回值
  All 1548 functions were compiled because no usable IPDB/IOBJ from previous compilation was found.
  已完成代码的生成
  dahuaDemo.vcxproj -> D:\editSpace\VSProjects\dahuaDemo\dahuaDemo\x64\Release\dahua-windows.exe
