  DHConnection.cpp
D:\resource\General_NetSDK_Chn_Win64_IS_V3.055.0000000.0.R.210524\includes\dhnetsdk.h(13613,1): warning C4819: 该文件包含不能在当前代码页(936)中表示的字符。请将该文件保存为 Unicode 格式以防止数据丢失
D:\resource\General_NetSDK_Chn_Win64_IS_V3.055.0000000.0.R.210524\includes\dhnetsdk.h(14046,1): warning C4819: 该文件包含不能在当前代码页(936)中表示的字符。请将该文件保存为 Unicode 格式以防止数据丢失
D:\resource\General_NetSDK_Chn_Win64_IS_V3.055.0000000.0.R.210524\includes\dhnetsdk.h(19819,1): warning C4819: 该文件包含不能在当前代码页(936)中表示的字符。请将该文件保存为 Unicode 格式以防止数据丢失
D:\resource\General_NetSDK_Chn_Win64_IS_V3.055.0000000.0.R.210524\includes\dhnetsdk.h(20354,1): warning C4819: 该文件包含不能在当前代码页(936)中表示的字符。请将该文件保存为 Unicode 格式以防止数据丢失
D:\resource\General_NetSDK_Chn_Win64_IS_V3.055.0000000.0.R.210524\includes\dhnetsdk.h(33169,1): warning C4819: 该文件包含不能在当前代码页(936)中表示的字符。请将该文件保存为 Unicode 格式以防止数据丢失
D:\resource\General_NetSDK_Chn_Win64_IS_V3.055.0000000.0.R.210524\includes\dhnetsdk.h(33710,1): warning C4819: 该文件包含不能在当前代码页(936)中表示的字符。请将该文件保存为 Unicode 格式以防止数据丢失
D:\resource\General_NetSDK_Chn_Win64_IS_V3.055.0000000.0.R.210524\includes\dhnetsdk.h(42308,1): warning C4819: 该文件包含不能在当前代码页(936)中表示的字符。请将该文件保存为 Unicode 格式以防止数据丢失
D:\resource\General_NetSDK_Chn_Win64_IS_V3.055.0000000.0.R.210524\includes\dhnetsdk.h(42814,1): warning C4819: 该文件包含不能在当前代码页(936)中表示的字符。请将该文件保存为 Unicode 格式以防止数据丢失
D:\resource\General_NetSDK_Chn_Win64_IS_V3.055.0000000.0.R.210524\includes\dhnetsdk.h(45437,1): warning C4819: 该文件包含不能在当前代码页(936)中表示的字符。请将该文件保存为 Unicode 格式以防止数据丢失
D:\resource\General_NetSDK_Chn_Win64_IS_V3.055.0000000.0.R.210524\includes\dhnetsdk.h(45922,1): warning C4819: 该文件包含不能在当前代码页(936)中表示的字符。请将该文件保存为 Unicode 格式以防止数据丢失
D:\resource\General_NetSDK_Chn_Win64_IS_V3.055.0000000.0.R.210524\includes\dhnetsdk.h(46439,1): warning C4819: 该文件包含不能在当前代码页(936)中表示的字符。请将该文件保存为 Unicode 格式以防止数据丢失
D:\resource\General_NetSDK_Chn_Win64_IS_V3.055.0000000.0.R.210524\includes\dhnetsdk.h(56889,1): warning C4819: 该文件包含不能在当前代码页(936)中表示的字符。请将该文件保存为 Unicode 格式以防止数据丢失
D:\resource\General_NetSDK_Chn_Win64_IS_V3.055.0000000.0.R.210524\includes\dhnetsdk.h(59795,1): warning C4819: 该文件包含不能在当前代码页(936)中表示的字符。请将该文件保存为 Unicode 格式以防止数据丢失
D:\resource\General_NetSDK_Chn_Win64_IS_V3.055.0000000.0.R.210524\includes\dhnetsdk.h(60397,1): warning C4819: 该文件包含不能在当前代码页(936)中表示的字符。请将该文件保存为 Unicode 格式以防止数据丢失
D:\resource\General_NetSDK_Chn_Win64_IS_V3.055.0000000.0.R.210524\includes\dhnetsdk.h(64666,1): warning C4819: 该文件包含不能在当前代码页(936)中表示的字符。请将该文件保存为 Unicode 格式以防止数据丢失
D:\resource\General_NetSDK_Chn_Win64_IS_V3.055.0000000.0.R.210524\includes\dhnetsdk.h(65324,1): warning C4819: 该文件包含不能在当前代码页(936)中表示的字符。请将该文件保存为 Unicode 格式以防止数据丢失
D:\resource\General_NetSDK_Chn_Win64_IS_V3.055.0000000.0.R.210524\includes\dhnetsdk.h(72590,1): warning C4819: 该文件包含不能在当前代码页(936)中表示的字符。请将该文件保存为 Unicode 格式以防止数据丢失
D:\resource\General_NetSDK_Chn_Win64_IS_V3.055.0000000.0.R.210524\includes\dhnetsdk.h(73285,1): warning C4819: 该文件包含不能在当前代码页(936)中表示的字符。请将该文件保存为 Unicode 格式以防止数据丢失
D:\resource\General_NetSDK_Chn_Win64_IS_V3.055.0000000.0.R.210524\includes\dhnetsdk.h(73953,1): warning C4819: 该文件包含不能在当前代码页(936)中表示的字符。请将该文件保存为 Unicode 格式以防止数据丢失
D:\resource\General_NetSDK_Chn_Win64_IS_V3.055.0000000.0.R.210524\includes\dhnetsdk.h(74626,1): warning C4819: 该文件包含不能在当前代码页(936)中表示的字符。请将该文件保存为 Unicode 格式以防止数据丢失
D:\resource\General_NetSDK_Chn_Win64_IS_V3.055.0000000.0.R.210524\includes\dhconfigsdk.h(5573,1): warning C4819: 该文件包含不能在当前代码页(936)中表示的字符。请将该文件保存为 Unicode 格式以防止数据丢失
D:\resource\General_NetSDK_Chn_Win64_IS_V3.055.0000000.0.R.210524\includes\dhconfigsdk.h(6038,1): warning C4819: 该文件包含不能在当前代码页(936)中表示的字符。请将该文件保存为 Unicode 格式以防止数据丢失
D:\resource\General_NetSDK_Chn_Win64_IS_V3.055.0000000.0.R.210524\includes\dhconfigsdk.h(7391,1): warning C4819: 该文件包含不能在当前代码页(936)中表示的字符。请将该文件保存为 Unicode 格式以防止数据丢失
D:\resource\General_NetSDK_Chn_Win64_IS_V3.055.0000000.0.R.210524\includes\dhconfigsdk.h(7765,1): warning C4819: 该文件包含不能在当前代码页(936)中表示的字符。请将该文件保存为 Unicode 格式以防止数据丢失
D:\editSpace\VSProjects\dahuaDemo\dahuaDemo\DHConnection.cpp(30,28): warning C4244: “参数”: 从“__int64”转换到“LONG”，可能丢失数据
D:\editSpace\VSProjects\dahuaDemo\dahuaDemo\DHConnection.cpp(33,56): warning C4244: “参数”: 从“__int64”转换到“LONG”，可能丢失数据
D:\editSpace\VSProjects\dahuaDemo\dahuaDemo\DHConnection.cpp(274): warning C4715: “DHConnection::startPlay”: 不是所有的控件路径都返回值
  dahuaDemo.vcxproj -> D:\editSpace\VSProjects\dahuaDemo\dahuaDemo\x64\Debug\dahuaDemo.exe
